<?xml version="1.0" encoding="UTF-8"?>
<coverage generated="1504833355834" clover="3.2.0">
  <project timestamp="1504833355835" name="All files">
    <metrics statements="25" coveredstatements="25" conditionals="12" coveredconditionals="12" methods="7" coveredmethods="7" elements="44" coveredelements="44" complexity="0" loc="25" ncloc="25" packages="3" files="3" classes="3">
      <package name="client.action">
        <metrics statements="16" coveredstatements="16" conditionals="4" coveredconditionals="4" methods="5" coveredmethods="5"/>
        <file name="hello.js" path="/Users/oscarwei/Miscs/jstutorial/src/client/action/hello.js">
          <metrics statements="16" coveredstatements="16" conditionals="4" coveredconditionals="4" methods="5" coveredmethods="5"/>
          <line num="8" count="2" type="stmt"/>
          <line num="9" count="2" type="stmt"/>
          <line num="10" count="2" type="stmt"/>
          <line num="11" count="2" type="stmt"/>
          <line num="13" count="2" type="stmt"/>
          <line num="14" count="2" type="stmt"/>
          <line num="15" count="2" type="stmt"/>
          <line num="16" count="2" type="stmt"/>
          <line num="18" count="3" type="stmt"/>
          <line num="19" count="3" type="stmt"/>
          <line num="20" count="3" type="stmt"/>
          <line num="22" count="3" type="cond" truecount="2" falsecount="0"/>
          <line num="23" count="2" type="stmt"/>
          <line num="26" count="2" type="cond" truecount="2" falsecount="0"/>
          <line num="27" count="1" type="stmt"/>
          <line num="30" count="2" type="stmt"/>
        </file>
      </package>
      <package name="client.reducer">
        <metrics statements="8" coveredstatements="8" conditionals="6" coveredconditionals="6" methods="1" coveredmethods="1"/>
        <file name="hello.js" path="/Users/oscarwei/Miscs/jstutorial/src/client/reducer/hello.js">
          <metrics statements="8" coveredstatements="8" conditionals="6" coveredconditionals="6" methods="1" coveredmethods="1"/>
          <line num="13" count="1" type="stmt"/>
          <line num="18" count="1" type="cond" truecount="1" falsecount="0"/>
          <line num="19" count="9" type="cond" truecount="5" falsecount="0"/>
          <line num="21" count="1" type="stmt"/>
          <line num="23" count="1" type="stmt"/>
          <line num="25" count="1" type="stmt"/>
          <line num="27" count="1" type="stmt"/>
          <line num="29" count="5" type="stmt"/>
        </file>
      </package>
      <package name="shared">
        <metrics statements="1" coveredstatements="1" conditionals="2" coveredconditionals="2" methods="1" coveredmethods="1"/>
        <file name="routes.js" path="/Users/oscarwei/Miscs/jstutorial/src/shared/routes.js">
          <metrics statements="1" coveredstatements="1" conditionals="2" coveredconditionals="2" methods="1" coveredmethods="1"/>
          <line num="4" count="8" type="cond" truecount="2" falsecount="0"/>
        </file>
      </package>
    </metrics>
  </project>
</coverage>
