{"/Users/oscarwei/Miscs/jstutorial/src/client/action/hello.js": {"path":"/Users/oscarwei/Miscs/jstutorial/src/client/action/hello.js","statementMap":{"0":{"start":{"line":8,"column":25},"end":{"line":8,"column":36}},"1":{"start":{"line":9,"column":39},"end":{"line":9,"column":64}},"2":{"start":{"line":10,"column":39},"end":{"line":10,"column":64}},"3":{"start":{"line":11,"column":39},"end":{"line":11,"column":64}},"4":{"start":{"line":13,"column":24},"end":{"line":13,"column":47}},"5":{"start":{"line":14,"column":36},"end":{"line":14,"column":73}},"6":{"start":{"line":15,"column":36},"end":{"line":15,"column":73}},"7":{"start":{"line":16,"column":36},"end":{"line":16,"column":73}},"8":{"start":{"line":18,"column":29},"end":{"line":32,"column":1}},"9":{"start":{"line":18,"column":46},"end":{"line":32,"column":1}},"10":{"start":{"line":19,"column":2},"end":{"line":19,"column":34}},"11":{"start":{"line":20,"column":2},"end":{"line":31,"column":6}},"12":{"start":{"line":22,"column":6},"end":{"line":22,"column":46}},"13":{"start":{"line":22,"column":19},"end":{"line":22,"column":46}},"14":{"start":{"line":23,"column":6},"end":{"line":23,"column":23}},"15":{"start":{"line":26,"column":6},"end":{"line":26,"column":65}},"16":{"start":{"line":26,"column":31},"end":{"line":26,"column":65}},"17":{"start":{"line":27,"column":6},"end":{"line":27,"column":56}},"18":{"start":{"line":30,"column":6},"end":{"line":30,"column":38}}},"fnMap":{"0":{"name":"(anonymous_0)","decl":{"start":{"line":18,"column":29},"end":{"line":18,"column":30}},"loc":{"start":{"line":18,"column":46},"end":{"line":32,"column":1}},"line":18},"1":{"name":"(anonymous_1)","decl":{"start":{"line":18,"column":46},"end":{"line":18,"column":47}},"loc":{"start":{"line":18,"column":70},"end":{"line":32,"column":1}},"line":18},"2":{"name":"(anonymous_2)","decl":{"start":{"line":21,"column":10},"end":{"line":21,"column":11}},"loc":{"start":{"line":21,"column":19},"end":{"line":24,"column":5}},"line":21},"3":{"name":"(anonymous_3)","decl":{"start":{"line":25,"column":10},"end":{"line":25,"column":11}},"loc":{"start":{"line":25,"column":20},"end":{"line":28,"column":5}},"line":25},"4":{"name":"(anonymous_4)","decl":{"start":{"line":29,"column":11},"end":{"line":29,"column":12}},"loc":{"start":{"line":29,"column":17},"end":{"line":31,"column":5}},"line":29}},"branchMap":{"0":{"loc":{"start":{"line":22,"column":6},"end":{"line":22,"column":46}},"type":"if","locations":[{"start":{"line":22,"column":6},"end":{"line":22,"column":46}},{"start":{"line":22,"column":6},"end":{"line":22,"column":46}}],"line":22},"1":{"loc":{"start":{"line":26,"column":6},"end":{"line":26,"column":65}},"type":"if","locations":[{"start":{"line":26,"column":6},"end":{"line":26,"column":65}},{"start":{"line":26,"column":6},"end":{"line":26,"column":65}}],"line":26}},"s":{"0":2,"1":2,"2":2,"3":2,"4":2,"5":2,"6":2,"7":2,"8":2,"9":3,"10":3,"11":3,"12":3,"13":1,"14":2,"15":2,"16":1,"17":1,"18":2},"f":{"0":3,"1":3,"2":3,"3":2,"4":2},"b":{"0":[1,2],"1":[1,1]},"_coverageSchema":"332fd63041d2c1bcb487cc26dd0d5f7d97098a6c","hash":"29de338a2b3a3e34c732d4e817d37f7bdc3e6d62"}
,"/Users/oscarwei/Miscs/jstutorial/src/client/reducer/hello.js": {"path":"/Users/oscarwei/Miscs/jstutorial/src/client/reducer/hello.js","statementMap":{"0":{"start":{"line":13,"column":21},"end":{"line":16,"column":2}},"1":{"start":{"line":18,"column":21},"end":{"line":31,"column":1}},"2":{"start":{"line":19,"column":2},"end":{"line":30,"column":3}},"3":{"start":{"line":21,"column":6},"end":{"line":21,"column":49}},"4":{"start":{"line":23,"column":6},"end":{"line":23,"column":52}},"5":{"start":{"line":25,"column":6},"end":{"line":25,"column":54}},"6":{"start":{"line":27,"column":6},"end":{"line":27,"column":91}},"7":{"start":{"line":29,"column":6},"end":{"line":29,"column":18}}},"fnMap":{"0":{"name":"(anonymous_0)","decl":{"start":{"line":18,"column":21},"end":{"line":18,"column":22}},"loc":{"start":{"line":18,"column":94},"end":{"line":31,"column":1}},"line":18}},"branchMap":{"0":{"loc":{"start":{"line":18,"column":22},"end":{"line":18,"column":49}},"type":"default-arg","locations":[{"start":{"line":18,"column":37},"end":{"line":18,"column":49}}],"line":18},"1":{"loc":{"start":{"line":19,"column":2},"end":{"line":30,"column":3}},"type":"switch","locations":[{"start":{"line":20,"column":4},"end":{"line":21,"column":49}},{"start":{"line":22,"column":4},"end":{"line":23,"column":52}},{"start":{"line":24,"column":4},"end":{"line":25,"column":54}},{"start":{"line":26,"column":4},"end":{"line":27,"column":91}},{"start":{"line":28,"column":4},"end":{"line":29,"column":18}}],"line":19}},"s":{"0":1,"1":1,"2":9,"3":1,"4":1,"5":1,"6":1,"7":5},"f":{"0":9},"b":{"0":[5],"1":[1,1,1,1,5]},"_coverageSchema":"332fd63041d2c1bcb487cc26dd0d5f7d97098a6c","hash":"d390a01f5fb8774911bfffdfa5c8e25b4bfa1e50"}
,"/Users/oscarwei/Miscs/jstutorial/src/shared/routes.js": {"path":"/Users/oscarwei/Miscs/jstutorial/src/shared/routes.js","statementMap":{"0":{"start":{"line":3,"column":31},"end":{"line":3,"column":34}},"1":{"start":{"line":4,"column":32},"end":{"line":4,"column":40}},"2":{"start":{"line":5,"column":38},"end":{"line":5,"column":52}},"3":{"start":{"line":6,"column":41},"end":{"line":6,"column":47}},"4":{"start":{"line":10,"column":34},"end":{"line":10,"column":82}},"5":{"start":{"line":10,"column":52},"end":{"line":10,"column":82}}},"fnMap":{"0":{"name":"(anonymous_0)","decl":{"start":{"line":10,"column":34},"end":{"line":10,"column":35}},"loc":{"start":{"line":10,"column":52},"end":{"line":10,"column":82}},"line":10}},"branchMap":{"0":{"loc":{"start":{"line":10,"column":67},"end":{"line":10,"column":80}},"type":"binary-expr","locations":[{"start":{"line":10,"column":67},"end":{"line":10,"column":70}},{"start":{"line":10,"column":74},"end":{"line":10,"column":80}}],"line":10}},"s":{"0":3,"1":3,"2":3,"3":3,"4":3,"5":8},"f":{"0":8},"b":{"0":[8,1]},"_coverageSchema":"332fd63041d2c1bcb487cc26dd0d5f7d97098a6c","hash":"0ecdccd094c6b741db1b9c11bce0eeeb3200e0aa"}
}
