TN:
SF:/Users/oscarwei/Miscs/jstutorial/src/client/action/hello.js
FN:18,(anonymous_0)
FN:18,(anonymous_1)
FN:21,(anonymous_2)
FN:25,(anonymous_3)
FN:29,(anonymous_4)
FNF:5
FNH:5
FNDA:3,(anonymous_0)
FNDA:3,(anonymous_1)
FNDA:3,(anonymous_2)
FNDA:2,(anonymous_3)
FNDA:2,(anonymous_4)
DA:8,2
DA:9,2
DA:10,2
DA:11,2
DA:13,2
DA:14,2
DA:15,2
DA:16,2
DA:18,3
DA:19,3
DA:20,3
DA:22,3
DA:23,2
DA:26,2
DA:27,1
DA:30,2
LF:16
LH:16
BRDA:22,0,0,1
BRDA:22,0,1,2
BRDA:26,1,0,1
BRDA:26,1,1,1
BRF:4
BRH:4
end_of_record
TN:
SF:/Users/oscarwei/Miscs/jstutorial/src/client/reducer/hello.js
FN:18,(anonymous_0)
FNF:1
FNH:1
FNDA:9,(anonymous_0)
DA:13,1
DA:18,1
DA:19,9
DA:21,1
DA:23,1
DA:25,1
DA:27,1
DA:29,5
LF:8
LH:8
BRDA:18,0,0,5
BRDA:19,1,0,1
BRDA:19,1,1,1
BRDA:19,1,2,1
BRDA:19,1,3,1
BRDA:19,1,4,5
BRF:6
BRH:6
end_of_record
TN:
SF:/Users/oscarwei/Miscs/jstutorial/src/shared/routes.js
FN:10,(anonymous_0)
FNF:1
FNH:1
FNDA:8,(anonymous_0)
DA:3,3
DA:4,3
DA:5,3
DA:6,3
DA:10,8
LF:5
LH:5
BRDA:10,0,0,8
BRDA:10,0,1,1
BRF:2
BRH:2
end_of_record
